     1                                  bits 32 ; assembling for the 32 bits architecture
     2                                  
     3                                  ; declare the EntryPoint (a label defining the very first instruction of the program)
     4                                  global start        
     5                                  
     6                                  ; declare external functions needed by our program
     7                                  extern exit               ; tell nasm that exit exists even if we won't be defining it
     8                                  import exit msvcrt.dll    ; exit is a function that ends the calling process. It is defined in msvcrt.dll
     9                                                            ; msvcrt.dll contains exit, printf and all the other important C-runtime specific functions
    10                                  
    11                                  ; our data is declared here (the variables needed by our program)
    12                                  
    13                                  ; Write a program that reads the content of a text file a.txt, adds 1 to each byte and then writes these bytes to a new file b.txt
    14                                  
    15                                  
    16                                  segment data use32 class=data
    17                                      
    18                                  
    19                                  ; our code starts here
    20                                  segment code use32 class=code
    21                                      start:
    22 00000000 66B8FEFF                        mov ax, 65534
    23 00000004 6699                            cwd
    24 00000006 66BB0700                        mov bx, 7
    25 0000000A 66F7F3                          div bx
    26                                      
    27                                          ; exit(0)
    28 0000000D 6A00                            push    dword 0      ; push the parameter for exit onto the stack
    29 0000000F FF15[00000000]                  call    [exit]       ; call exit to terminate the program
